<?xml version="1.0" encoding="UTF-8"?>
<!-- Generated by org.testng.reporters.JUnitReportReporter -->
<testsuite skipped="0" hostname="sureshs-mbp" name="com.selenium.setup.DriverSetup" tests="1" failures="0" timestamp="2020-10-15T13:35:11 IST" time="16.976" errors="0">
  <testcase name="fnTest" time="16.976" classname="com.selenium.setup.DriverSetup"/>
  <system-out/>
</testsuite> <!-- com.selenium.setup.DriverSetup -->
