<?xml version="1.0" encoding="UTF-8"?>
<!-- Generated by org.testng.reporters.JUnitReportReporter -->
<testsuite skipped="0" hostname="sureshs-mbp" name="com.selenium.tests.Purchasing" tests="1" failures="0" timestamp="2020-10-15T14:12:24 IST" time="42.857" errors="0">
  <testcase name="testPurchasing" time="42.857" classname="com.selenium.tests.Purchasing"/>
  <system-out>
Clicked on Sign In The value entered for Email ID is gajeliy701@septicvernon.com The value entered for Password is Welcome@123 Clicked on Submit Login Clicked on T-Shirt Clicked on Merchandise Clicked on Add-To-Cart The Value for Product Price is $16.51 The Value for Total Price is $18.51 Clicked on Proceed Clicked on Proceed Summary Clicked on Process Address Clicked on Agree Clicked on Process Carrier Clicked on PayByBank Clicked on Confirm Order The Value for Final Confirmation is Your order on My Store is complete. Clicked on User Name Clicked on Order History The Value for Order Reference is LTHWJAOWR The Value for Order Price is $19.25 Clicked on LogOut The Value for Home Page is Sign in  </system-out>
</testsuite> <!-- com.selenium.tests.Purchasing -->
