<?xml version="1.0" encoding="UTF-8"?>
<!-- Generated by org.testng.reporters.JUnitReportReporter -->
<testsuite skipped="0" hostname="sureshs-mbp" name="com.test.TestNGBasics" tests="3" failures="0" timestamp="2020-10-14T20:07:03 IST" time="0.011" errors="0">
  <testcase name="googleBrowserTitle" time="0.007" classname="com.test.TestNGBasics"/>
  <system-out/>
  <testcase name="searchText" time="0.002" classname="com.test.TestNGBasics"/>
  <system-out/>
  <testcase name="googleLogoTest" time="0.002" classname="com.test.TestNGBasics"/>
  <system-out/>
</testsuite> <!-- com.test.TestNGBasics -->
