<?xml version="1.0" encoding="UTF-8"?>
<!-- Generated by org.testng.reporters.JUnitReportReporter -->
<testsuite skipped="0" hostname="Sureshs-MacBook-Pro.local" name="com.selenium.tests.Login" tests="1" failures="0" timestamp="2020-10-15T12:50:36 IST" time="0.020" errors="0">
  <testcase name="testLogin" time="0.020" classname="com.selenium.tests.Login"/>
  <system-out>
Click function exception reported for By.xpath: /html/body/div/div[1]/header/div[2]/div/div/nav/div[1]/a and exception is org.openqa.selenium.NoSuchSessionException: Session ID is null. Using WebDriver after calling quit()?
Build info: version: '3.141.59', revision: 'e82be7d358', time: '2018-11-14T08:17:03'
System info: host: 'Sureshs-MacBook-Pro.local', ip: '192.168.1.4', os.name: 'Mac OS X', os.arch: 'x86_64', os.version: '10.15.7', java.version: '1.8.0_241'
Driver info: driver.version: RemoteWebDriver Enter function exception reported for By.id: email and exception is org.openqa.selenium.NoSuchSessionException: Session ID is null. Using WebDriver after calling quit()?
Build info: version: '3.141.59', revision: 'e82be7d358', time: '2018-11-14T08:17:03'
System info: host: 'Sureshs-MacBook-Pro.local', ip: '192.168.1.4', os.name: 'Mac OS X', os.arch: 'x86_64', os.version: '10.15.7', java.version: '1.8.0_241'
Driver info: driver.version: RemoteWebDriver Enter function exception reported for By.id: passwd and exception is org.openqa.selenium.NoSuchSessionException: Session ID is null. Using WebDriver after calling quit()?
Build info: version: '3.141.59', revision: 'e82be7d358', time: '2018-11-14T08:17:03'
System info: host: 'Sureshs-MacBook-Pro.local', ip: '192.168.1.4', os.name: 'Mac OS X', os.arch: 'x86_64', os.version: '10.15.7', java.version: '1.8.0_241'
Driver info: driver.version: RemoteWebDriver Click function exception reported for By.id: SubmitLogin and exception is org.openqa.selenium.NoSuchSessionException: Session ID is null. Using WebDriver after calling quit()?
Build info: version: '3.141.59', revision: 'e82be7d358', time: '2018-11-14T08:17:03'
System info: host: 'Sureshs-MacBook-Pro.local', ip: '192.168.1.4', os.name: 'Mac OS X', os.arch: 'x86_64', os.version: '10.15.7', java.version: '1.8.0_241'
Driver info: driver.version: RemoteWebDriver GetText function exception reported for By.xpath: /html/body/div/div[1]/header/div[3]/div/div/div[6]/ul/li[1]/a and exception is org.openqa.selenium.NoSuchSessionException: Session ID is null. Using WebDriver after calling quit()?
Build info: version: '3.141.59', revision: 'e82be7d358', time: '2018-11-14T08:17:03'
System info: host: 'Sureshs-MacBook-Pro.local', ip: '192.168.1.4', os.name: 'Mac OS X', os.arch: 'x86_64', os.version: '10.15.7', java.version: '1.8.0_241'
Driver info: driver.version: RemoteWebDriver Click function exception reported for By.xpath: /html/body/div/div[1]/header/div[3]/div/div/div[6]/ul/li[1]/ul/li[1]/ul/li[1]/a and exception is org.openqa.selenium.NoSuchSessionException: Session ID is null. Using WebDriver after calling quit()?
Build info: version: '3.141.59', revision: 'e82be7d358', time: '2018-11-14T08:17:03'
System info: host: 'Sureshs-MacBook-Pro.local', ip: '192.168.1.4', os.name: 'Mac OS X', os.arch: 'x86_64', os.version: '10.15.7', java.version: '1.8.0_241'
Driver info: driver.version: RemoteWebDriver Click function exception reported for By.xpath: /html/body/div/div[2]/div/div[3]/div[2]/ul/li/div/div[2]/h5/a and exception is org.openqa.selenium.NoSuchSessionException: Session ID is null. Using WebDriver after calling quit()?
Build info: version: '3.141.59', revision: 'e82be7d358', time: '2018-11-14T08:17:03'
System info: host: 'Sureshs-MacBook-Pro.local', ip: '192.168.1.4', os.name: 'Mac OS X', os.arch: 'x86_64', os.version: '10.15.7', java.version: '1.8.0_241'
Driver info: driver.version: RemoteWebDriver Click function exception reported for By.id: add_to_cart and exception is org.openqa.selenium.NoSuchSessionException: Session ID is null. Using WebDriver after calling quit()?
Build info: version: '3.141.59', revision: 'e82be7d358', time: '2018-11-14T08:17:03'
System info: host: 'Sureshs-MacBook-Pro.local', ip: '192.168.1.4', os.name: 'Mac OS X', os.arch: 'x86_64', os.version: '10.15.7', java.version: '1.8.0_241'
Driver info: driver.version: RemoteWebDriver GetText function exception reported for By.id: layer_cart_product_price and exception is org.openqa.selenium.NoSuchSessionException: Session ID is null. Using WebDriver after calling quit()?
Build info: version: '3.141.59', revision: 'e82be7d358', time: '2018-11-14T08:17:03'
System info: host: 'Sureshs-MacBook-Pro.local', ip: '192.168.1.4', os.name: 'Mac OS X', os.arch: 'x86_64', os.version: '10.15.7', java.version: '1.8.0_241'
Driver info: driver.version: RemoteWebDriver GetText function exception reported for By.xpath: /html/body/div/div[1]/header/div[3]/div/div/div[4]/div[1]/div[2]/div[3]/span and exception is org.openqa.selenium.NoSuchSessionException: Session ID is null. Using WebDriver after calling quit()?
Build info: version: '3.141.59', revision: 'e82be7d358', time: '2018-11-14T08:17:03'
System info: host: 'Sureshs-MacBook-Pro.local', ip: '192.168.1.4', os.name: 'Mac OS X', os.arch: 'x86_64', os.version: '10.15.7', java.version: '1.8.0_241'
Driver info: driver.version: RemoteWebDriver Click function exception reported for By.xpath: /html/body/div/div[1]/header/div[3]/div/div/div[4]/div[1]/div[2]/div[4]/a and exception is org.openqa.selenium.NoSuchSessionException: Session ID is null. Using WebDriver after calling quit()?
Build info: version: '3.141.59', revision: 'e82be7d358', time: '2018-11-14T08:17:03'
System info: host: 'Sureshs-MacBook-Pro.local', ip: '192.168.1.4', os.name: 'Mac OS X', os.arch: 'x86_64', os.version: '10.15.7', java.version: '1.8.0_241'
Driver info: driver.version: RemoteWebDriver Click function exception reported for By.xpath: /html/body/div/div[2]/div/div[3]/div/p[2]/a[1] and exception is org.openqa.selenium.NoSuchSessionException: Session ID is null. Using WebDriver after calling quit()?
Build info: version: '3.141.59', revision: 'e82be7d358', time: '2018-11-14T08:17:03'
System info: host: 'Sureshs-MacBook-Pro.local', ip: '192.168.1.4', os.name: 'Mac OS X', os.arch: 'x86_64', os.version: '10.15.7', java.version: '1.8.0_241'
Driver info: driver.version: RemoteWebDriver Click function exception reported for By.name: processAddress and exception is org.openqa.selenium.NoSuchSessionException: Session ID is null. Using WebDriver after calling quit()?
Build info: version: '3.141.59', revision: 'e82be7d358', time: '2018-11-14T08:17:03'
System info: host: 'Sureshs-MacBook-Pro.local', ip: '192.168.1.4', os.name: 'Mac OS X', os.arch: 'x86_64', os.version: '10.15.7', java.version: '1.8.0_241'
Driver info: driver.version: RemoteWebDriver Click function exception reported for By.xpath: /html/body/div/div[2]/div/div[3]/div/div/form/div/p[2]/div/span and exception is org.openqa.selenium.NoSuchSessionException: Session ID is null. Using WebDriver after calling quit()?
Build info: version: '3.141.59', revision: 'e82be7d358', time: '2018-11-14T08:17:03'
System info: host: 'Sureshs-MacBook-Pro.local', ip: '192.168.1.4', os.name: 'Mac OS X', os.arch: 'x86_64', os.version: '10.15.7', java.version: '1.8.0_241'
Driver info: driver.version: RemoteWebDriver Click function exception reported for By.name: processCarrier and exception is org.openqa.selenium.NoSuchSessionException: Session ID is null. Using WebDriver after calling quit()?
Build info: version: '3.141.59', revision: 'e82be7d358', time: '2018-11-14T08:17:03'
System info: host: 'Sureshs-MacBook-Pro.local', ip: '192.168.1.4', os.name: 'Mac OS X', os.arch: 'x86_64', os.version: '10.15.7', java.version: '1.8.0_241'
Driver info: driver.version: RemoteWebDriver Click function exception reported for By.xpath: /html/body/div/div[2]/div/div[3]/div/div/div[3]/div[1]/div/p/a and exception is org.openqa.selenium.NoSuchSessionException: Session ID is null. Using WebDriver after calling quit()?
Build info: version: '3.141.59', revision: 'e82be7d358', time: '2018-11-14T08:17:03'
System info: host: 'Sureshs-MacBook-Pro.local', ip: '192.168.1.4', os.name: 'Mac OS X', os.arch: 'x86_64', os.version: '10.15.7', java.version: '1.8.0_241'
Driver info: driver.version: RemoteWebDriver Click function exception reported for By.xpath: /html/body/div/div[2]/div/div[3]/div/form/p/button/span and exception is org.openqa.selenium.NoSuchSessionException: Session ID is null. Using WebDriver after calling quit()?
Build info: version: '3.141.59', revision: 'e82be7d358', time: '2018-11-14T08:17:03'
System info: host: 'Sureshs-MacBook-Pro.local', ip: '192.168.1.4', os.name: 'Mac OS X', os.arch: 'x86_64', os.version: '10.15.7', java.version: '1.8.0_241'
Driver info: driver.version: RemoteWebDriver GetText function exception reported for By.xpath: /html/body/div/div[2]/div/div[3]/div/div/p/strong and exception is org.openqa.selenium.NoSuchSessionException: Session ID is null. Using WebDriver after calling quit()?
Build info: version: '3.141.59', revision: 'e82be7d358', time: '2018-11-14T08:17:03'
System info: host: 'Sureshs-MacBook-Pro.local', ip: '192.168.1.4', os.name: 'Mac OS X', os.arch: 'x86_64', os.version: '10.15.7', java.version: '1.8.0_241'
Driver info: driver.version: RemoteWebDriver Click function exception reported for By.xpath: /html/body/div/div[1]/header/div[2]/div/div/nav/div[1]/a/span and exception is org.openqa.selenium.NoSuchSessionException: Session ID is null. Using WebDriver after calling quit()?
Build info: version: '3.141.59', revision: 'e82be7d358', time: '2018-11-14T08:17:03'
System info: host: 'Sureshs-MacBook-Pro.local', ip: '192.168.1.4', os.name: 'Mac OS X', os.arch: 'x86_64', os.version: '10.15.7', java.version: '1.8.0_241'
Driver info: driver.version: RemoteWebDriver Click function exception reported for By.xpath: /html/body/div/div[2]/div/div[3]/div/div/div[1]/ul/li[1]/a/span and exception is org.openqa.selenium.NoSuchSessionException: Session ID is null. Using WebDriver after calling quit()?
Build info: version: '3.141.59', revision: 'e82be7d358', time: '2018-11-14T08:17:03'
System info: host: 'Sureshs-MacBook-Pro.local', ip: '192.168.1.4', os.name: 'Mac OS X', os.arch: 'x86_64', os.version: '10.15.7', java.version: '1.8.0_241'
Driver info: driver.version: RemoteWebDriver GetText function exception reported for By.xpath: /html/body/div/div[2]/div/div[3]/div/div/table/tbody/tr/td[1]/a and exception is org.openqa.selenium.NoSuchSessionException: Session ID is null. Using WebDriver after calling quit()?
Build info: version: '3.141.59', revision: 'e82be7d358', time: '2018-11-14T08:17:03'
System info: host: 'Sureshs-MacBook-Pro.local', ip: '192.168.1.4', os.name: 'Mac OS X', os.arch: 'x86_64', os.version: '10.15.7', java.version: '1.8.0_241'
Driver info: driver.version: RemoteWebDriver GetText function exception reported for By.xpath: /html/body/div[1]/div[2]/div/div[3]/div/div/table/tbody/tr[1]/td[3]/span and exception is org.openqa.selenium.NoSuchSessionException: Session ID is null. Using WebDriver after calling quit()?
Build info: version: '3.141.59', revision: 'e82be7d358', time: '2018-11-14T08:17:03'
System info: host: 'Sureshs-MacBook-Pro.local', ip: '192.168.1.4', os.name: 'Mac OS X', os.arch: 'x86_64', os.version: '10.15.7', java.version: '1.8.0_241'
Driver info: driver.version: RemoteWebDriver Click function exception reported for By.xpath: /html/body/div/div[1]/header/div[2]/div/div/nav/div[2]/a and exception is org.openqa.selenium.NoSuchSessionException: Session ID is null. Using WebDriver after calling quit()?
Build info: version: '3.141.59', revision: 'e82be7d358', time: '2018-11-14T08:17:03'
System info: host: 'Sureshs-MacBook-Pro.local', ip: '192.168.1.4', os.name: 'Mac OS X', os.arch: 'x86_64', os.version: '10.15.7', java.version: '1.8.0_241'
Driver info: driver.version: RemoteWebDriver GetText function exception reported for By.xpath: /html/body/div/div[1]/header/div[2]/div/div/nav/div[1]/a and exception is org.openqa.selenium.NoSuchSessionException: Session ID is null. Using WebDriver after calling quit()?
Build info: version: '3.141.59', revision: 'e82be7d358', time: '2018-11-14T08:17:03'
System info: host: 'Sureshs-MacBook-Pro.local', ip: '192.168.1.4', os.name: 'Mac OS X', os.arch: 'x86_64', os.version: '10.15.7', java.version: '1.8.0_241'
Driver info: driver.version: RemoteWebDriver  </system-out>
</testsuite> <!-- com.selenium.tests.Login -->
