<?xml version="1.0" encoding="UTF-8"?>
<!-- Generated by org.testng.reporters.JUnitReportReporter -->
<testsuite skipped="0" hostname="sureshs-mbp" name="com.selenium.tests.Registration" tests="1" failures="0" timestamp="2020-10-21T20:42:13 IST" time="12.884" errors="0">
  <testcase name="testRegistration" time="12.884" classname="com.selenium.tests.Registration"/>
  <system-out>
Clicked on Sign In The value entered for Email ID is gajeliy703@septicvernon.com Clicked on Sign In The value entered for First Name is Michael The value entered for Last Name is Jackson The value entered for Password is Welcome@123 The value entered for Address First Name is Michael The value entered for Address Last Name is Jack The value entered for Address is Manyata The value entered for City is Bangalore The value selected for State is Alabama The value entered for Zip Code is 07302 The value selected for Country is United States The value entered for Zip Code is 8056011223 The value entered for Zip Code is Bengaluru Clicked on Register Clicked on LogOut  </system-out>
</testsuite> <!-- com.selenium.tests.Registration -->
